

AUTOCLASS C (version 3.3.5unx) STARTING at Mon Mar 27 10:52:11 2017 

AUTOCLASS -SEARCH default parameters:
rel_error=1.000000e-02; start_j_list=(2,3,5,7,10,15,25); n_classes_fn_type="random_ln_normal"; fixed_j=0; min_report_period=30; max_duration=0; max_n_tries=0; n_save=2; log_file_p=true; search_file_p=true; results_file_p=true; min_save_period=1800; max_n_store=10; n_final_summary=10; start_fn_type="random"; try_fn_type="converge_search_3"; initial_cycles_p=true; save_compact_p=true; read_compact_p=true; randomize_random_p=true; n_data=0; halt_range=5.000000e-01; halt_factor=1.000000e-04; rel_delta_range=2.500000e-03; n_average=3; cs4_delta_range=2.500000e-03; sigma_beta_n_values=6; max_cycles=200; converge_print_p=false; force_new_search_p=true; checkpoint_p=false; min_checkpoint_period=10800; reconverge_type=""; screen_output_p=true; interactive_p=true; break_on_warnings_p=true; free_storage_p=true

USER supplied parameters which override the defaults:
fixed_j=7; max_n_tries=10; start_fn_type="random"; randomize_random_p=true; force_new_search_p=true


##############  Starting Input Check  ###############

To log file: 
   /home/dgans/DataMining/gans.lab11/Autoclass/zoo.log
During loading of: 
   [1] /home/dgans/DataMining/gans.lab11/Autoclass/zoo.db2,
   [2] /home/dgans/DataMining/gans.lab11/Autoclass/zoo.hd2,
   [3] /home/dgans/DataMining/gans.lab11/Autoclass/zoo.model.

   [Attribute #, value #, and datum # are zero based.]

ADVISORY[2]: data_file_format settings:
             separator_char = ' ', comment_char = ';', unknown_token = '?'
ADVISORY[2]: read 17 attribute defs from 
             /home/dgans/DataMining/gans.lab11/Autoclass/zoo.hd2
ADVISORY[1]: read 100 datum from 
             /home/dgans/DataMining/gans.lab11/Autoclass/zoo.db2
ADVISORY[1]: discrete translations [ (internal external):count ... ] built 
             from input data --
   Attribute #1, "hair":
      [ (0 1):43 (1 0):57 ]
   Attribute #2, "feathers":
      [ (0 0):80 (1 1):20 ]
   Attribute #3, "eggs":
      [ (0 0):42 (1 1):58 ]
   Attribute #4, "milk":
      [ (0 1):41 (1 0):59 ]
   Attribute #5, "airborne":
      [ (0 0):76 (1 1):24 ]
   Attribute #6, "aquatic":
      [ (0 0):65 (1 1):35 ]
   Attribute #7, "predator":
      [ (0 1):55 (1 0):45 ]
   Attribute #8, "toothed":
      [ (0 1):60 (1 0):40 ]
   Attribute #9, "backbone":
      [ (0 1):82 (1 0):18 ]
   Attribute #10, "breathes":
      [ (0 1):79 (1 0):21 ]
   Attribute #11, "venomous":
      [ (0 0):93 (1 1):7 ]
   Attribute #12, "fins":
      [ (0 0):83 (1 1):17 ]
   Attribute #13, "legs":
      [ (0 4):37 (1 0):23 (2 2):27 (3 6):10 (4 8):2 (5 5):1 ]
   Attribute #14, "tail":
      [ (0 0):25 (1 1):75 ]
   Attribute #15, "domestic":
      [ (0 0):87 (1 1):13 ]
   Attribute #16, "catsize":
      [ (0 1):44 (1 0):56 ]
ADVISORY[3]: read 1 model def from 
             /home/dgans/DataMining/gans.lab11/Autoclass/zoo.model

############ Input Check Concluded ##############

WELCOME TO AUTOCLASS.
  1) Each time I have finished a new 'trial', or attempt to find a good
     classification, I will print the number of classes that trial
     started and ended with, such as 9->7.
  2) If that trial results in a duplicate of a previous run, I will print
     'dup' first.
  3) If that trial results in a classification better than any previous, 
     I will print 'best' first.
  4) If more than 30 seconds have passed since the last report, and a new
     classification has been found which is better than any previous ones,
     I will report on that classification and on the status of the search
     so far.
  5) This report will include an estimate of the time it will take to find
     another even better classification, and how much better that will be.
     In addition, I will estimate a lower bound on how long it might take to
     find the very best classification, and how much better that might be.
  6) If you are warned about too much time in overhead, you may want to
     change the parameters n_save, min_save_period, min_report_period, or
     min_checkpoint_period.
  7) To quit searching, type a 'q', hit <return>, and wait.  Otherwise I'll
     go on until I complete trial number (10).
  8) If needed, every 30 minutes I will save the best 2 classifications
     so far to file: 
     /home/dgans/DataMining/gans.lab11/Autoclass/zoo.results-bin
     and a description of the search to file:
     /home/dgans/DataMining/gans.lab11/Autoclass/zoo.search
  9) A record of this search will be printed to file:
     /home/dgans/DataMining/gans.lab11/Autoclass/zoo.log

BEGINNING SEARCH at Mon Mar 27 10:52:11 2017

[j_in=7]  [cs-3: cycles 24] best7->6(1) [j_in=7]  [cs-3: cycles 24] dup7->6(2) [j_in=7]  [cs-3: cycles 24] dup7->6(3) [j_in=7]  [cs-3: cycles 24] dup7->6(4) [j_in=7]  [cs-3: cycles 24] dup7->6(5) [j_in=7]  [cs-3: cycles 24] dup7->6(6) [j_in=7]  [cs-3: cycles 24] dup7->6(7) [j_in=7]  [cs-3: cycles 24] dup7->6(8) [j_in=7]  [cs-3: cycles 24] dup7->6(9) [j_in=7]  [cs-3: cycles 24] dup7->6(10) 


ENDING SEARCH because max number of tries reached at Mon Mar 27 10:52:11 2017
  after a total of 10 tries over 1 second
A log of this search is in file:
 /home/dgans/DataMining/gans.lab11/Autoclass/zoo.log
The search results are stored in file:
 /home/dgans/DataMining/gans.lab11/Autoclass/zoo.results-bin
This search can be restarted by having "force_new_search_p = false" in file:
 /home/dgans/DataMining/gans.lab11/Autoclass/zoo.s-params
 and reinvoking the "autoclass -search ..." form

------------------  SUMMARY OF 10 BEST RESULTS  ------------------
PROBABILITY  exp(-710.749) N_CLASSES   6 FOUND ON TRY    1 DUPS  9 *SAVED*

------------------  SUMMARY OF TRY CONVERGENCE  ------------------
try    1    num_cycles   24    max_cycles  200    convergent

AUTOCLASS C (version 3.3.5unx) STOPPING at Mon Mar 27 10:52:11 2017 
