

AUTOCLASS C (version 3.3.5unx) STARTING at Tue Mar 28 21:51:10 2017 

AUTOCLASS -SEARCH default parameters:
rel_error=1.000000e-02; start_j_list=(2,3,5,7,10,15,25); n_classes_fn_type="random_ln_normal"; fixed_j=0; min_report_period=30; max_duration=0; max_n_tries=0; n_save=2; log_file_p=true; search_file_p=true; results_file_p=true; min_save_period=1800; max_n_store=10; n_final_summary=10; start_fn_type="random"; try_fn_type="converge_search_3"; initial_cycles_p=true; save_compact_p=true; read_compact_p=true; randomize_random_p=true; n_data=0; halt_range=5.000000e-01; halt_factor=1.000000e-04; rel_delta_range=2.500000e-03; n_average=3; cs4_delta_range=2.500000e-03; sigma_beta_n_values=6; max_cycles=200; converge_print_p=false; force_new_search_p=true; checkpoint_p=false; min_checkpoint_period=10800; reconverge_type=""; screen_output_p=true; interactive_p=true; break_on_warnings_p=true; free_storage_p=true

USER supplied parameters which override the defaults:
fixed_j=3; max_n_tries=100; start_fn_type="random"; randomize_random_p=true; force_new_search_p=true


##############  Starting Input Check  ###############

To log file: 
   /home/dgans/DataMining/gans.lab11/Autoclass/zoo.log
During loading of: 
   [1] /home/dgans/DataMining/gans.lab11/Autoclass/zoo.db2,
   [2] /home/dgans/DataMining/gans.lab11/Autoclass/zoo.hd2,
   [3] /home/dgans/DataMining/gans.lab11/Autoclass/zoo.model.

   [Attribute #, value #, and datum # are zero based.]

ADVISORY[2]: data_file_format settings:
             separator_char = ' ', comment_char = ';', unknown_token = '?'
ADVISORY[2]: read 17 attribute defs from 
             /home/dgans/DataMining/gans.lab11/Autoclass/zoo.hd2
ADVISORY[1]: read 100 datum from 
             /home/dgans/DataMining/gans.lab11/Autoclass/zoo.db2
ADVISORY[1]: discrete translations [ (internal external):count ... ] built 
             from input data --
   Attribute #1, "hair":
      [ (0 1):43 (1 0):57 ]
   Attribute #2, "feathers":
      [ (0 0):80 (1 1):20 ]
   Attribute #3, "eggs":
      [ (0 0):42 (1 1):58 ]
   Attribute #4, "milk":
      [ (0 1):41 (1 0):59 ]
   Attribute #5, "airborne":
      [ (0 0):76 (1 1):24 ]
   Attribute #6, "aquatic":
      [ (0 0):65 (1 1):35 ]
   Attribute #7, "predator":
      [ (0 1):55 (1 0):45 ]
   Attribute #8, "toothed":
      [ (0 1):60 (1 0):40 ]
   Attribute #9, "backbone":
      [ (0 1):82 (1 0):18 ]
   Attribute #10, "breathes":
      [ (0 1):79 (1 0):21 ]
   Attribute #11, "venomous":
      [ (0 0):93 (1 1):7 ]
   Attribute #12, "fins":
      [ (0 0):83 (1 1):17 ]
   Attribute #13, "legs":
      [ (0 4):37 (1 0):23 (2 2):27 (3 6):10 (4 8):2 (5 5):1 ]
   Attribute #14, "tail":
      [ (0 0):25 (1 1):75 ]
   Attribute #15, "domestic":
      [ (0 0):87 (1 1):13 ]
   Attribute #16, "catsize":
      [ (0 1):44 (1 0):56 ]
ADVISORY[3]: read 1 model def from 
             /home/dgans/DataMining/gans.lab11/Autoclass/zoo.model

############ Input Check Concluded ##############

WELCOME TO AUTOCLASS.
  1) Each time I have finished a new 'trial', or attempt to find a good
     classification, I will print the number of classes that trial
     started and ended with, such as 9->7.
  2) If that trial results in a duplicate of a previous run, I will print
     'dup' first.
  3) If that trial results in a classification better than any previous, 
     I will print 'best' first.
  4) If more than 30 seconds have passed since the last report, and a new
     classification has been found which is better than any previous ones,
     I will report on that classification and on the status of the search
     so far.
  5) This report will include an estimate of the time it will take to find
     another even better classification, and how much better that will be.
     In addition, I will estimate a lower bound on how long it might take to
     find the very best classification, and how much better that might be.
  6) If you are warned about too much time in overhead, you may want to
     change the parameters n_save, min_save_period, min_report_period, or
     min_checkpoint_period.
  7) To quit searching, type a 'q', hit <return>, and wait.  Otherwise I'll
     go on until I complete trial number (100).
  8) If needed, every 30 minutes I will save the best 2 classifications
     so far to file: 
     /home/dgans/DataMining/gans.lab11/Autoclass/zoo.results-bin
     and a description of the search to file:
     /home/dgans/DataMining/gans.lab11/Autoclass/zoo.search
  9) A record of this search will be printed to file:
     /home/dgans/DataMining/gans.lab11/Autoclass/zoo.log

BEGINNING SEARCH at Tue Mar 28 21:51:10 2017

[j_in=3]  [cs-3: cycles 15] best3->3(1) [j_in=3]  [cs-3: cycles 15] dup3->3(2) [j_in=3]  [cs-3: cycles 15] dup3->3(3) [j_in=3]  [cs-3: cycles 15] dup3->3(4) [j_in=3]  [cs-3: cycles 15] dup3->3(5) [j_in=3]  [cs-3: cycles 15] dup3->3(6) [j_in=3]  [cs-3: cycles 15] dup3->3(7) [j_in=3]  [cs-3: cycles 15] dup3->3(8) [j_in=3]  [cs-3: cycles 15] dup3->3(9) [j_in=3]  [cs-3: cycles 15] dup3->3(10) [j_in=3]  [cs-3: cycles 15] dup3->3(11) [j_in=3]  [cs-3: cycles 15] dup3->3(12) [j_in=3]  [cs-3: cycles 15] dup3->3(13) [j_in=3]  [cs-3: cycles 15] dup3->3(14) [j_in=3]  [cs-3: cycles 15] dup3->3(15) [j_in=3]  [cs-3: cycles 15] dup3->3(16) [j_in=3]  [cs-3: cycles 15] dup3->3(17) [j_in=3]  [cs-3: cycles 15] dup3->3(18) [j_in=3]  [cs-3: cycles 15] dup3->3(19) [j_in=3]  [cs-3: cycles 15] dup3->3(20) [j_in=3]  [cs-3: cycles 15] dup3->3(21) [j_in=3]  [cs-3: cycles 15] dup3->3(22) [j_in=3]  [cs-3: cycles 15] dup3->3(23) [j_in=3]  [cs-3: cycles 15] dup3->3(24) [j_in=3]  [cs-3: cycles 15] dup3->3(25) [j_in=3]  [cs-3: cycles 15] dup3->3(26) [j_in=3]  [cs-3: cycles 15] dup3->3(27) [j_in=3]  [cs-3: cycles 15] dup3->3(28) [j_in=3]  [cs-3: cycles 15] dup3->3(29) [j_in=3]  [cs-3: cycles 15] dup3->3(30) [j_in=3]  [cs-3: cycles 15] dup3->3(31) [j_in=3]  [cs-3: cycles 15] dup3->3(32) [j_in=3]  [cs-3: cycles 15] dup3->3(33) [j_in=3]  [cs-3: cycles 15] dup3->3(34) [j_in=3]  [cs-3: cycles 15] dup3->3(35) [j_in=3]  [cs-3: cycles 15] dup3->3(36) [j_in=3]  [cs-3: cycles 15] dup3->3(37) [j_in=3]  [cs-3: cycles 15] dup3->3(38) [j_in=3]  [cs-3: cycles 15] dup3->3(39) [j_in=3]  [cs-3: cycles 15] dup3->3(40) [j_in=3]  [cs-3: cycles 15] dup3->3(41) [j_in=3]  [cs-3: cycles 15] dup3->3(42) [j_in=3]  [cs-3: cycles 15] dup3->3(43) [j_in=3]  [cs-3: cycles 15] dup3->3(44) [j_in=3]  [cs-3: cycles 15] dup3->3(45) [j_in=3]  [cs-3: cycles 15] dup3->3(46) [j_in=3]  [cs-3: cycles 15] dup3->3(47) [j_in=3]  [cs-3: cycles 15] dup3->3(48) [j_in=3]  [cs-3: cycles 15] dup3->3(49) [j_in=3]  [cs-3: cycles 15] dup3->3(50) [j_in=3]  [cs-3: cycles 15] dup3->3(51) [j_in=3]  [cs-3: cycles 15] dup3->3(52) [j_in=3]  [cs-3: cycles 15] dup3->3(53) [j_in=3]  [cs-3: cycles 15] dup3->3(54) [j_in=3]  [cs-3: cycles 15] dup3->3(55) [j_in=3]  [cs-3: cycles 15] dup3->3(56) [j_in=3]  [cs-3: cycles 15] dup3->3(57) [j_in=3]  [cs-3: cycles 15] dup3->3(58) [j_in=3]  [cs-3: cycles 15] dup3->3(59) [j_in=3]  [cs-3: cycles 15] dup3->3(60) [j_in=3]  [cs-3: cycles 15] dup3->3(61) [j_in=3]  [cs-3: cycles 15] dup3->3(62) [j_in=3]  [cs-3: cycles 15] dup3->3(63) [j_in=3]  [cs-3: cycles 15] dup3->3(64) [j_in=3]  [cs-3: cycles 15] dup3->3(65) [j_in=3]  [cs-3: cycles 15] dup3->3(66) [j_in=3]  [cs-3: cycles 15] dup3->3(67) [j_in=3]  [cs-3: cycles 15] dup3->3(68) [j_in=3]  [cs-3: cycles 15] dup3->3(69) [j_in=3]  [cs-3: cycles 15] dup3->3(70) [j_in=3]  [cs-3: cycles 25] dup3->3(71) [j_in=3]  [cs-3: cycles 25] dup3->3(72) [j_in=3]  [cs-3: cycles 25] dup3->3(73) [j_in=3]  [cs-3: cycles 25] dup3->3(74) [j_in=3]  [cs-3: cycles 25] dup3->3(75) [j_in=3]  [cs-3: cycles 25] dup3->3(76) [j_in=3]  [cs-3: cycles 25] dup3->3(77) [j_in=3]  [cs-3: cycles 25] dup3->3(78) [j_in=3]  [cs-3: cycles 25] dup3->3(79) [j_in=3]  [cs-3: cycles 25] dup3->3(80) [j_in=3]  [cs-3: cycles 25] dup3->3(81) [j_in=3]  [cs-3: cycles 25] dup3->3(82) [j_in=3]  [cs-3: cycles 25] dup3->3(83) [j_in=3]  [cs-3: cycles 25] dup3->3(84) [j_in=3]  [cs-3: cycles 25] dup3->3(85) [j_in=3]  [cs-3: cycles 25] dup3->3(86) [j_in=3]  [cs-3: cycles 25] dup3->3(87) [j_in=3]  [cs-3: cycles 25] dup3->3(88) [j_in=3]  [cs-3: cycles 25] dup3->3(89) [j_in=3]  [cs-3: cycles 25] dup3->3(90) [j_in=3]  [cs-3: cycles 25] dup3->3(91) [j_in=3]  [cs-3: cycles 25] dup3->3(92) [j_in=3]  [cs-3: cycles 25] dup3->3(93) [j_in=3]  [cs-3: cycles 25] dup3->3(94) [j_in=3]  [cs-3: cycles 25] dup3->3(95) [j_in=3]  [cs-3: cycles 25] dup3->3(96) [j_in=3]  [cs-3: cycles 25] dup3->3(97) [j_in=3]  [cs-3: cycles 25] dup3->3(98) [j_in=3]  [cs-3: cycles 25] dup3->3(99) [j_in=3]  [cs-3: cycles 25] dup3->3(100) 


ENDING SEARCH because max number of tries reached at Tue Mar 28 21:51:11 2017
  after a total of 100 tries over 2 seconds
A log of this search is in file:
 /home/dgans/DataMining/gans.lab11/Autoclass/zoo.log
The search results are stored in file:
 /home/dgans/DataMining/gans.lab11/Autoclass/zoo.results-bin
This search can be restarted by having "force_new_search_p = false" in file:
 /home/dgans/DataMining/gans.lab11/Autoclass/zoo.s-params
 and reinvoking the "autoclass -search ..." form

------------------  SUMMARY OF 10 BEST RESULTS  ------------------
PROBABILITY  exp(-773.308) N_CLASSES   3 FOUND ON TRY    1 DUPS  99 *SAVED*

------------------  SUMMARY OF TRY CONVERGENCE  ------------------
try    1    num_cycles   15    max_cycles  200    convergent

AUTOCLASS C (version 3.3.5unx) STOPPING at Tue Mar 28 21:51:11 2017 


AUTOCLASS C (version 3.3.5unx) STARTING at Tue Mar 28 21:51:13 2017 

AUTOCLASS -PREDICT default parameters:
n_clsfs=1; clsf_n_list=(); report_type="all"; report_mode="text"; comment_data_headers_p=false; num_atts_to_list=999; xref_class_report_att_list=(); order_attributes_by_influence_p=true; break_on_warnings_p=true; free_storage_p=true; max_num_xref_class_probs=5; sigma_contours_att_list=()

USER supplied parameters which override the defaults:
xref_class_report_att_list=(1,2,3,4,5,6,7,8,9,10,11,12,13,14,15,16)

ADVISORY[2]: read 17 attribute defs from 
             /home/dgans/DataMining/gans.lab11/Autoclass/zoo.hd2
ADVISORY[1]: read 100 datum from 
             /home/dgans/DataMining/gans.lab11/Autoclass/zoo.db2
ADVISORY: loaded 1 classification from 
          /home/dgans/DataMining/gans.lab11/Autoclass/zoo.results-bin
ADVISORY: read 1 search trials from 
          /home/dgans/DataMining/gans.lab11/Autoclass/zoo.search

##############  Starting Input Check  ###############

To log file: 
   /home/dgans/DataMining/gans.lab11/Autoclass/zoo.log
During loading of: 
   [1] /home/dgans/DataMining/gans.lab11/Autoclass/zoo-predict.db2,
   [2] /home/dgans/DataMining/gans.lab11/Autoclass/zoo.hd2,
   [3] /home/dgans/DataMining/gans.lab11/Autoclass/zoo.model.

   [Attribute #, value #, and datum # are zero based.]

ADVISORY[2]: data_file_format settings:
             separator_char = ' ', comment_char = ';', unknown_token = '?'
ADVISORY[2]: read 17 attribute defs from 
             /home/dgans/DataMining/gans.lab11/Autoclass/zoo.hd2
ADVISORY[1]: read 100 datum from 
             /home/dgans/DataMining/gans.lab11/Autoclass/zoo-predict.db2
ADVISORY[3]: read 1 model def from 
             /home/dgans/DataMining/gans.lab11/Autoclass/zoo.model

############ Input Check Concluded ##############

File written: /home/dgans/DataMining/gans.lab11/Autoclass/zoo-predict.case-text-1

File written: /home/dgans/DataMining/gans.lab11/Autoclass/zoo-predict.class-text-1


AUTOCLASS C (version 3.3.5unx) STOPPING at Tue Mar 28 21:51:13 2017 

